This is pdfTeX, Version 3.14159265-2.6-1.40.21 (TeX Live 2020 Gentoo Linux) (preloaded format=pdflatex 2020.8.23)  23 AUG 2020 12:44
entering extended mode
 restricted \write18 enabled.
 file:line:error style messages enabled.
 %&-line parsing enabled.
**graphics.tex
(./graphics.tex
LaTeX2e <2020-02-02> patch level 5
L3 programming layer <2020-02-25>
(/usr/share/texmf-dist/tex/latex/base/article.cls
Document Class: article 2019/12/20 v1.4l Standard LaTeX document class
(/usr/share/texmf-dist/tex/latex/base/size10.clo
File: size10.clo 2019/12/20 v1.4l Standard LaTeX file (size option)
)
\c@part=\count167
\c@section=\count168
\c@subsection=\count169
\c@subsubsection=\count170
\c@paragraph=\count171
\c@subparagraph=\count172
\c@figure=\count173
\c@table=\count174
\abovecaptionskip=\skip47
\belowcaptionskip=\skip48
\bibindent=\dimen134
)
(/usr/share/texmf-dist/tex/latex/graphics/graphicx.sty
Package: graphicx 2019/11/30 v1.2a Enhanced LaTeX Graphics (DPC,SPQR)

(/usr/share/texmf-dist/tex/latex/graphics/keyval.sty
Package: keyval 2014/10/28 v1.15 key=value parser (DPC)
\KV@toks@=\toks15
)
(/usr/share/texmf-dist/tex/latex/graphics/graphics.sty
Package: graphics 2019/11/30 v1.4a Standard LaTeX Graphics (DPC,SPQR)

(/usr/share/texmf-dist/tex/latex/graphics/trig.sty
Package: trig 2016/01/03 v1.10 sin cos tan (DPC)
)
(/usr/share/texmf-dist/tex/latex/graphics-cfg/graphics.cfg
File: graphics.cfg 2016/06/04 v1.11 sample graphics configuration
)
Package graphics Info: Driver file: pdftex.def on input line 105.

(/usr/share/texmf-dist/tex/latex/graphics-def/pdftex.def
File: pdftex.def 2018/01/08 v1.0l Graphics/color driver for pdftex
))
\Gin@req@height=\dimen135
\Gin@req@width=\dimen136
)
(/usr/share/texmf-dist/tex/latex/blindtext/blindtext.sty
Package: blindtext 2012/01/06 V2.0 blindtext-Package

(/usr/share/texmf-dist/tex/latex/tools/xspace.sty
Package: xspace 2014/10/28 v1.13 Space after command names (DPC,MH)
)
\c@blindtext=\count175
\c@Blindtext=\count176
\c@blind@countparstart=\count177
\blind@countxx=\count178
\blindtext@numBlindtext=\count179
\blind@countyy=\count180
\c@blindlist=\count181
\c@blindlistlevel=\count182
\c@blindlist@level=\count183
\blind@listitem=\count184
\c@blind@listcount=\count185
\c@blind@levelcount=\count186
\blind@mathformula=\count187
\blind@Mathformula=\count188
\c@blind@randomcount=\count189
\c@blind@randommax=\count190
\c@blind@pangramcount=\count191
\c@blind@pangrammax=\count192
)
(/usr/share/texmf-dist/tex/latex/wrapfig/wrapfig.sty
\wrapoverhang=\dimen137
\WF@size=\dimen138
\c@WF@wrappedlines=\count193
\WF@box=\box45
\WF@everypar=\toks16
Package: wrapfig 2003/01/31  v 3.6
)
(/usr/share/texmf-dist/tex/latex/l3backend/l3backend-pdfmode.def
File: l3backend-pdfmode.def 2020-02-23 L3 backend support: PDF mode
\l__kernel_color_stack_int=\count194
\l__pdf_internal_box=\box46
)
(./graphics.aux)
\openout1 = `graphics.aux'.

LaTeX Font Info:    Checking defaults for OML/cmm/m/it on input line 13.
LaTeX Font Info:    ... okay on input line 13.
LaTeX Font Info:    Checking defaults for OMS/cmsy/m/n on input line 13.
LaTeX Font Info:    ... okay on input line 13.
LaTeX Font Info:    Checking defaults for OT1/cmr/m/n on input line 13.
LaTeX Font Info:    ... okay on input line 13.
LaTeX Font Info:    Checking defaults for T1/cmr/m/n on input line 13.
LaTeX Font Info:    ... okay on input line 13.
LaTeX Font Info:    Checking defaults for TS1/cmr/m/n on input line 13.
LaTeX Font Info:    ... okay on input line 13.
LaTeX Font Info:    Checking defaults for OMX/cmex/m/n on input line 13.
LaTeX Font Info:    ... okay on input line 13.
LaTeX Font Info:    Checking defaults for U/cmr/m/n on input line 13.
LaTeX Font Info:    ... okay on input line 13.
 (/usr/share/texmf-dist/tex/context/base/mkii/supp-pdf.mkii
[Loading MPS to PDF converter (version 2006.09.02).]
\scratchcounter=\count195
\scratchdimen=\dimen139
\scratchbox=\box47
\nofMPsegments=\count196
\nofMParguments=\count197
\everyMPshowfont=\toks17
\MPscratchCnt=\count198
\MPscratchDim=\dimen140
\MPnumerator=\count199
\makeMPintoPDFobject=\count266
\everyMPtoPDFconversion=\toks18
) (/usr/share/texmf-dist/tex/latex/epstopdf-pkg/epstopdf-base.sty
Package: epstopdf-base 2020-01-24 v2.11 Base part for package epstopdf
Package epstopdf-base Info: Redefining graphics rule for `.eps' on input line 4
85.

(/usr/share/texmf-dist/tex/latex/latexconfig/epstopdf-sys.cfg
File: epstopdf-sys.cfg 2010/07/13 v1.3 Configuration of (r)epstopdf for TeX Liv
e
))
LaTeX Font Info:    External font `cmex10' loaded for size
(Font)              <17.28> on input line 16.
LaTeX Font Info:    External font `cmex10' loaded for size
(Font)              <12> on input line 16.
LaTeX Font Info:    External font `cmex10' loaded for size
(Font)              <8> on input line 16.
LaTeX Font Info:    External font `cmex10' loaded for size
(Font)              <6> on input line 16.
<kernel.compile.png, id=1, 1371.1225pt x 770.88pt>
File: kernel.compile.png Graphic file (type png)
<use kernel.compile.png>
Package pdftex.def Info: kernel.compile.png  used on input line 21.
(pdftex.def)             Requested size: 216.81pt x 121.89651pt.
<bhaskar.jpeg, id=2, 60.225pt x 60.225pt>
File: bhaskar.jpeg Graphic file (type jpg)
<use bhaskar.jpeg>
Package pdftex.def Info: bhaskar.jpeg  used on input line 28.
(pdftex.def)             Requested size: 241.49895pt x 241.52332pt.
 [1

{/var/lib/texmf/fonts/map/pdftex/updmap/pdftex.map} <./kernel.compile.png>]
<neomutt.png, id=11, 38.544pt x 38.544pt>
File: neomutt.png Graphic file (type png)
<use neomutt.png>
Package pdftex.def Info: neomutt.png  used on input line 39.
(pdftex.def)             Requested size: 38.5439pt x 38.5439pt.
 [2 <./bhaskar.jpeg>] [3 <./neomutt.png>] (./graphics.aux) ) 
Here is how much of TeX's memory you used:
 1422 strings out of 482935
 20692 string characters out of 5961040
 252782 words of memory out of 5000000
 16707 multiletter control sequences out of 15000+600000
 535988 words of font info for 36 fonts, out of 8000000 for 9000
 14 hyphenation exceptions out of 8191
 30i,6n,25p,207b,215s stack positions out of 5000i,500n,10000p,200000b,80000s
</usr/share/texmf-d
ist/fonts/type1/public/amsfonts/cm/cmr10.pfb></usr/share/texmf-dist/fonts/type1
/public/amsfonts/cm/cmr12.pfb></usr/share/texmf-dist/fonts/type1/public/amsfont
s/cm/cmr17.pfb>
Output written on graphics.pdf (3 pages, 167116 bytes).
PDF statistics:
 31 PDF objects out of 1000 (max. 8388607)
 18 compressed objects within 1 object stream
 0 named destinations out of 1000 (max. 500000)
 16 words of extra memory for PDF output out of 10000 (max. 10000000)

